Using pre-set license
Built from '2021.3/staging' branch; Version is '2021.3.25f1 (68ef2c4f8861) revision 6876972'; Using compiler version '192829333'; Build Type 'Release'
OS: 'Windows 10  (10.0.19045) 64bit Core' Language: 'en' Physical Memory: 32537 MB
BatchMode: 1, IsHumanControllingUs: 0, StartBugReporterOnCrash: 0, Is64bit: 1, IsPro: 1

COMMAND LINE ARGUMENTS:
C:\Program Files\Unity\Hub\Editor\2021.3.25f1\Editor\Unity.exe
-adb2
-batchMode
-noUpm
-name
AssetImportWorker0
-projectPath
C:/CS3540/skeletons_sorcery
-logFile
Logs/AssetImportWorker0.log
-srvPort
56285
Successfully changed project path to: C:/CS3540/skeletons_sorcery
C:/CS3540/skeletons_sorcery
[UnityMemory] Configuration Parameters - Can be set up in boot.config
    "memorysetup-bucket-allocator-granularity=16"
    "memorysetup-bucket-allocator-bucket-count=8"
    "memorysetup-bucket-allocator-block-size=33554432"
    "memorysetup-bucket-allocator-block-count=8"
    "memorysetup-main-allocator-block-size=16777216"
    "memorysetup-thread-allocator-block-size=16777216"
    "memorysetup-gfx-main-allocator-block-size=16777216"
    "memorysetup-gfx-thread-allocator-block-size=16777216"
    "memorysetup-cache-allocator-block-size=4194304"
    "memorysetup-typetree-allocator-block-size=2097152"
    "memorysetup-profiler-bucket-allocator-granularity=16"
    "memorysetup-profiler-bucket-allocator-bucket-count=8"
    "memorysetup-profiler-bucket-allocator-block-size=33554432"
    "memorysetup-profiler-bucket-allocator-block-count=8"
    "memorysetup-profiler-allocator-block-size=16777216"
    "memorysetup-profiler-editor-allocator-block-size=1048576"
    "memorysetup-temp-allocator-size-main=16777216"
    "memorysetup-job-temp-allocator-block-size=2097152"
    "memorysetup-job-temp-allocator-block-size-background=1048576"
    "memorysetup-job-temp-allocator-reduction-small-platforms=262144"
    "memorysetup-temp-allocator-size-background-worker=32768"
    "memorysetup-temp-allocator-size-job-worker=262144"
    "memorysetup-temp-allocator-size-preload-manager=33554432"
    "memorysetup-temp-allocator-size-nav-mesh-worker=65536"
    "memorysetup-temp-allocator-size-audio-worker=65536"
    "memorysetup-temp-allocator-size-cloud-worker=32768"
    "memorysetup-temp-allocator-size-gi-baking-worker=262144"
    "memorysetup-temp-allocator-size-gfx=262144"
Player connection [23432] Host "[IP] 192.168.1.237 [Port] 0 [Flags] 2 [Guid] 3063922811 [EditorId] 3063922811 [Version] 1048832 [Id] WindowsEditor(7,DESKTOP-9L1RHBS) [Debug] 1 [PackageName] WindowsEditor [ProjectName] Editor" joined multi-casting on [225.0.0.222:54997]...

Player connection [23432] Host "[IP] 192.168.1.237 [Port] 0 [Flags] 2 [Guid] 3063922811 [EditorId] 3063922811 [Version] 1048832 [Id] WindowsEditor(7,DESKTOP-9L1RHBS) [Debug] 1 [PackageName] WindowsEditor [ProjectName] Editor" joined alternative multi-casting on [225.0.0.222:34997]...

Refreshing native plugins compatible for Editor in 162.64 ms, found 3 plugins.
Preloading 0 native plugins for Editor in 0.00 ms.
Initialize engine version: 2021.3.25f1 (68ef2c4f8861)
[Subsystems] Discovering subsystems at path C:/Program Files/Unity/Hub/Editor/2021.3.25f1/Editor/Data/Resources/UnitySubsystems
[Subsystems] Discovering subsystems at path C:/CS3540/skeletons_sorcery/Assets
GfxDevice: creating device client; threaded=0; jobified=0
Direct3D:
    Version:  Direct3D 11.0 [level 11.1]
    Renderer: NVIDIA GeForce RTX 4070 Ti (ID=0x2782)
    Vendor:   NVIDIA
    VRAM:     12010 MB
    Driver:   31.0.15.2824
Initialize mono
Mono path[0] = 'C:/Program Files/Unity/Hub/Editor/2021.3.25f1/Editor/Data/Managed'
Mono path[1] = 'C:/Program Files/Unity/Hub/Editor/2021.3.25f1/Editor/Data/MonoBleedingEdge/lib/mono/unityjit-win32'
Mono config path = 'C:/Program Files/Unity/Hub/Editor/2021.3.25f1/Editor/Data/MonoBleedingEdge/etc'
Using monoOptions --debugger-agent=transport=dt_socket,embedding=1,server=y,suspend=n,address=127.0.0.1:56848
Begin MonoManager ReloadAssembly
Registering precompiled unity dll's ...
Register platform support module: C:/Program Files/Unity/Hub/Editor/2021.3.25f1/Editor/Data/PlaybackEngines/WebGLSupport/UnityEditor.WebGL.Extensions.dll
Register platform support module: C:/Program Files/Unity/Hub/Editor/2021.3.25f1/Editor/Data/PlaybackEngines/WindowsStandaloneSupport/UnityEditor.WindowsStandalone.Extensions.dll
Registered in 0.008120 seconds.
Native extension for WindowsStandalone target not found
Native extension for WebGL target not found
Refreshing native plugins compatible for Editor in 156.17 ms, found 3 plugins.
Preloading 0 native plugins for Editor in 0.00 ms.
Mono: successfully reloaded assembly
- Completed reload, in  0.731 seconds
Domain Reload Profiling:
	ReloadAssembly (731ms)
		BeginReloadAssembly (87ms)
			ExecutionOrderSort (0ms)
			DisableScriptedObjects (0ms)
			BackupInstance (0ms)
			ReleaseScriptingObjects (0ms)
			CreateAndSetChildDomain (1ms)
		EndReloadAssembly (541ms)
			LoadAssemblies (85ms)
			RebuildTransferFunctionScriptingTraits (0ms)
			SetupTypeCache (102ms)
			ReleaseScriptCaches (0ms)
			RebuildScriptCaches (29ms)
			SetupLoadedEditorAssemblies (354ms)
				LogAssemblyErrors (0ms)
				InitializePlatformSupportModulesInManaged (9ms)
				SetLoadedEditorAssemblies (0ms)
				RefreshPlugins (156ms)
				BeforeProcessingInitializeOnLoad (1ms)
				ProcessInitializeOnLoadAttributes (141ms)
				ProcessInitializeOnLoadMethodAttributes (46ms)
				AfterProcessingInitializeOnLoad (0ms)
				EditorAssembliesLoaded (0ms)
			ExecutionOrderSort2 (0ms)
			AwakeInstancesAfterBackupRestoration (0ms)
Platform modules already initialized, skipping
Registering precompiled user dll's ...
Registered in 0.013826 seconds.
Begin MonoManager ReloadAssembly
Symbol file LoadedFromMemory doesn't match image C:\CS3540\skeletons_sorcery\Library\PackageCache\com.unity.visualscripting@1.8.0\Editor\VisualScripting.Core\Dependencies\DotNetZip\Unity.VisualScripting.IonicZip.dll
Symbol file LoadedFromMemory is not a mono symbol file
Symbol file LoadedFromMemory doesn't match image C:\CS3540\skeletons_sorcery\Library\PackageCache\com.unity.visualscripting@1.8.0\Editor\VisualScripting.Core\Dependencies\YamlDotNet\Unity.VisualScripting.YamlDotNet.dll
Native extension for WindowsStandalone target not found
Native extension for WebGL target not found
Refreshing native plugins compatible for Editor in 159.59 ms, found 3 plugins.
Preloading 0 native plugins for Editor in 0.00 ms.
Mono: successfully reloaded assembly
- Completed reload, in  1.679 seconds
Domain Reload Profiling:
	ReloadAssembly (1679ms)
		BeginReloadAssembly (119ms)
			ExecutionOrderSort (0ms)
			DisableScriptedObjects (6ms)
			BackupInstance (0ms)
			ReleaseScriptingObjects (0ms)
			CreateAndSetChildDomain (20ms)
		EndReloadAssembly (1442ms)
			LoadAssemblies (119ms)
			RebuildTransferFunctionScriptingTraits (0ms)
			SetupTypeCache (333ms)
			ReleaseScriptCaches (1ms)
			RebuildScriptCaches (84ms)
			SetupLoadedEditorAssemblies (861ms)
				LogAssemblyErrors (0ms)
				InitializePlatformSupportModulesInManaged (7ms)
				SetLoadedEditorAssemblies (0ms)
				RefreshPlugins (160ms)
				BeforeProcessingInitializeOnLoad (158ms)
				ProcessInitializeOnLoadAttributes (361ms)
				ProcessInitializeOnLoadMethodAttributes (166ms)
				AfterProcessingInitializeOnLoad (9ms)
				EditorAssembliesLoaded (0ms)
			ExecutionOrderSort2 (0ms)
			AwakeInstancesAfterBackupRestoration (6ms)
Platform modules already initialized, skipping
========================================================================
Worker process is ready to serve import requests
Launched and connected shader compiler UnityShaderCompiler.exe after 0.04 seconds
Refreshing native plugins compatible for Editor in 2.05 ms, found 3 plugins.
Preloading 0 native plugins for Editor in 0.00 ms.
Unloading 6759 Unused Serialized files (Serialized files now loaded: 0)
Unloading 95 unused Assets / (0.7 MB). Loaded Objects now: 7201.
Memory consumption went from 353.0 MB to 352.3 MB.
Total: 7.935600 ms (FindLiveObjects: 0.568500 ms CreateObjectMapping: 0.229800 ms MarkObjects: 6.733400 ms  DeleteObjects: 0.402600 ms)

AssetImportParameters requested are different than current active one (requested -> active):
  custom:video-decoder-ogg-theora: a1e56fd34408186e4bbccfd4996cb3dc -> 
  custom:container-muxer-webm: aa71ff27fc2769a1b78a27578f13a17b -> 
  custom:container-demuxer-webm: 4f35f7cbe854078d1ac9338744f61a02 -> 
  custom:video-encoder-webm-vp8: eb34c28f22e8b96e1ab97ce403110664 -> 
  custom:audio-encoder-webm-vorbis: bf7c407c2cedff20999df2af8eb42d56 -> 
  custom:framework-win-MediaFoundation: 216162199b28c13a410421893ffa2e32 -> 
  custom:container-demuxer-ogg: 62fdf1f143b41e24485cea50d1cbac27 -> 
  custom:video-decoder-webm-vp8: 9c59270c3fd7afecdb556c50c9e8de78 -> 
  custom:audio-decoder-ogg-vorbis: bf7c407c2cedff20999df2af8eb42d56 -> 
========================================================================
Received Import Request.
  Time since last request: 26824.416164 seconds.
  path: Assets/ExternalAssets/Ultimate SFX Bundle/Fighting Sounds Pro/Body Fall/Body Fall 20.wav
  artifactKey: Guid(291f116a84280974d97bfe37fe4b2023) Importer(815301076,1909f56bfc062723c751e8b465ee728b)
Start importing Assets/ExternalAssets/Ultimate SFX Bundle/Fighting Sounds Pro/Body Fall/Body Fall 20.wav using Guid(291f116a84280974d97bfe37fe4b2023) Importer(815301076,1909f56bfc062723c751e8b465ee728b)  -> (artifact id: '4854f397fcd3605de5bca43704684a89') in 0.137021 seconds 
========================================================================
Received Import Request.
  Time since last request: 0.920760 seconds.
  path: Assets/ExternalAssets/Ultimate SFX Bundle/Fighting Sounds Pro/Body Fall/Body Fall 18.wav
  artifactKey: Guid(adebd9195ef2a754fb7fedd002a7d2c8) Importer(815301076,1909f56bfc062723c751e8b465ee728b)
Start importing Assets/ExternalAssets/Ultimate SFX Bundle/Fighting Sounds Pro/Body Fall/Body Fall 18.wav using Guid(adebd9195ef2a754fb7fedd002a7d2c8) Importer(815301076,1909f56bfc062723c751e8b465ee728b)  -> (artifact id: '65dc8eaf32eacfeaf9aab2d7bcbc8100') in 0.010024 seconds 
========================================================================
Received Import Request.
  Time since last request: 2.952525 seconds.
  path: Assets/ExternalAssets/Ultimate SFX Bundle/Monsters Sounds Pro/Small monster laugh
  artifactKey: Guid(e4535540dd84bbe4a84b4d04ebae6b59) Importer(815301076,1909f56bfc062723c751e8b465ee728b)
Start importing Assets/ExternalAssets/Ultimate SFX Bundle/Monsters Sounds Pro/Small monster laugh using Guid(e4535540dd84bbe4a84b4d04ebae6b59) Importer(815301076,1909f56bfc062723c751e8b465ee728b)  -> (artifact id: '952ab136d0521e0b38edc11396b6ac24') in 0.004921 seconds 
========================================================================
Received Import Request.
  Time since last request: 1.268107 seconds.
  path: Assets/ExternalAssets/Ultimate SFX Bundle/Monsters Sounds Pro/Small monster laugh/Small monster laugh 2.wav
  artifactKey: Guid(19e29c4aa6de47f4197d2b79dc8444dd) Importer(815301076,1909f56bfc062723c751e8b465ee728b)
Start importing Assets/ExternalAssets/Ultimate SFX Bundle/Monsters Sounds Pro/Small monster laugh/Small monster laugh 2.wav using Guid(19e29c4aa6de47f4197d2b79dc8444dd) Importer(815301076,1909f56bfc062723c751e8b465ee728b)  -> (artifact id: 'aaf13826029d02fd88e83ea340c6dd33') in 0.010515 seconds 
========================================================================
Received Import Request.
  Time since last request: 2.904159 seconds.
  path: Assets/ExternalAssets/Ultimate SFX Bundle/Monsters Sounds Pro/Small monster laugh/Small monster laugh 1.wav
  artifactKey: Guid(47a996140269e8543a704b3a37391145) Importer(815301076,1909f56bfc062723c751e8b465ee728b)
Start importing Assets/ExternalAssets/Ultimate SFX Bundle/Monsters Sounds Pro/Small monster laugh/Small monster laugh 1.wav using Guid(47a996140269e8543a704b3a37391145) Importer(815301076,1909f56bfc062723c751e8b465ee728b)  -> (artifact id: '84d76cc20ac8526b7306874c60b7dc2b') in 0.011560 seconds 
========================================================================
Received Import Request.
  Time since last request: 1.877826 seconds.
  path: Assets/ExternalAssets/Ultimate SFX Bundle/Monsters Sounds Pro/Small monster Grunt (Gets hit)
  artifactKey: Guid(7c6bf059e0fbae04ab584db11a2f1755) Importer(815301076,1909f56bfc062723c751e8b465ee728b)
Start importing Assets/ExternalAssets/Ultimate SFX Bundle/Monsters Sounds Pro/Small monster Grunt (Gets hit) using Guid(7c6bf059e0fbae04ab584db11a2f1755) Importer(815301076,1909f56bfc062723c751e8b465ee728b)  -> (artifact id: 'f817fc7f0e9d1e84ce03c462fdc85b33') in 0.005231 seconds 
========================================================================
Received Import Request.
  Time since last request: 1.166375 seconds.
  path: Assets/ExternalAssets/Ultimate SFX Bundle/Monsters Sounds Pro/Small monster Grunt (Gets hit)/Small monster Grunt (Gets hit) 1.wav
  artifactKey: Guid(ea34b8294385e4247ac4b41691e609cc) Importer(815301076,1909f56bfc062723c751e8b465ee728b)
Start importing Assets/ExternalAssets/Ultimate SFX Bundle/Monsters Sounds Pro/Small monster Grunt (Gets hit)/Small monster Grunt (Gets hit) 1.wav using Guid(ea34b8294385e4247ac4b41691e609cc) Importer(815301076,1909f56bfc062723c751e8b465ee728b)  -> (artifact id: '751289271da403fbf7ea04d84954e605') in 0.008903 seconds 
========================================================================
Received Import Request.
  Time since last request: 5.566535 seconds.
  path: Assets/ExternalAssets/Ultimate SFX Bundle/Monsters Sounds Pro/Small monster attack/Small monster attack 2.wav
  artifactKey: Guid(d32eb21ccb4db7e4f8bcc76d4397383a) Importer(815301076,1909f56bfc062723c751e8b465ee728b)
Start importing Assets/ExternalAssets/Ultimate SFX Bundle/Monsters Sounds Pro/Small monster attack/Small monster attack 2.wav using Guid(d32eb21ccb4db7e4f8bcc76d4397383a) Importer(815301076,1909f56bfc062723c751e8b465ee728b)  -> (artifact id: 'fafcd50a2af851aa70f8bc06cc91fbcc') in 0.008309 seconds 
========================================================================
Received Import Request.
  Time since last request: 1.823093 seconds.
  path: Assets/ExternalAssets/Ultimate SFX Bundle/Monsters Sounds Pro/Small monster attack/Small monster attack 5.wav
  artifactKey: Guid(7ced0727307a3ac4b853e61c2c6b1ed9) Importer(815301076,1909f56bfc062723c751e8b465ee728b)
Start importing Assets/ExternalAssets/Ultimate SFX Bundle/Monsters Sounds Pro/Small monster attack/Small monster attack 5.wav using Guid(7ced0727307a3ac4b853e61c2c6b1ed9) Importer(815301076,1909f56bfc062723c751e8b465ee728b)  -> (artifact id: '19e69f73f6d30507e8ef3539a4de54b6') in 0.008852 seconds 
========================================================================
Received Import Request.
  Time since last request: 1.486625 seconds.
  path: Assets/ExternalAssets/Ultimate SFX Bundle/Monsters Sounds Pro/Small monster attack/Small monster attack 4.wav
  artifactKey: Guid(5d025c752136ccc4e93b7a102640b8be) Importer(815301076,1909f56bfc062723c751e8b465ee728b)
Start importing Assets/ExternalAssets/Ultimate SFX Bundle/Monsters Sounds Pro/Small monster attack/Small monster attack 4.wav using Guid(5d025c752136ccc4e93b7a102640b8be) Importer(815301076,1909f56bfc062723c751e8b465ee728b)  -> (artifact id: 'd723b441035d74e08384ba2373e61554') in 0.009181 seconds 
========================================================================
Received Import Request.
  Time since last request: 3.084592 seconds.
  path: Assets/ExternalAssets/Ultimate SFX Bundle/Monsters Sounds Pro/large monster Death/large monster Death 1.wav
  artifactKey: Guid(cd9669790ef063248887a860ae13bbbc) Importer(815301076,1909f56bfc062723c751e8b465ee728b)
Start importing Assets/ExternalAssets/Ultimate SFX Bundle/Monsters Sounds Pro/large monster Death/large monster Death 1.wav using Guid(cd9669790ef063248887a860ae13bbbc) Importer(815301076,1909f56bfc062723c751e8b465ee728b)  -> (artifact id: 'b00ad32d32d0c7c12721985965f24a42') in 0.008950 seconds 
========================================================================
Received Import Request.
  Time since last request: 5.389112 seconds.
  path: Assets/ExternalAssets/Ultimate SFX Bundle/Monsters Sounds Pro/Huge monster Breathing/Huge monster Breathing 1.wav
  artifactKey: Guid(4a12d50040d0201469534481ee9e4f8c) Importer(815301076,1909f56bfc062723c751e8b465ee728b)
Start importing Assets/ExternalAssets/Ultimate SFX Bundle/Monsters Sounds Pro/Huge monster Breathing/Huge monster Breathing 1.wav using Guid(4a12d50040d0201469534481ee9e4f8c) Importer(815301076,1909f56bfc062723c751e8b465ee728b)  -> (artifact id: '4cc1125b6f812e6b255b3443b9397fcc') in 0.009958 seconds 
========================================================================
Received Import Request.
  Time since last request: 5.238645 seconds.
  path: Assets/ExternalAssets/Ultimate SFX Bundle/Monsters Sounds Pro/Huge monster attack/Huge monster attack 2.wav
  artifactKey: Guid(c72244e25dc59844a98cd7ffc78ec86f) Importer(815301076,1909f56bfc062723c751e8b465ee728b)
Start importing Assets/ExternalAssets/Ultimate SFX Bundle/Monsters Sounds Pro/Huge monster attack/Huge monster attack 2.wav using Guid(c72244e25dc59844a98cd7ffc78ec86f) Importer(815301076,1909f56bfc062723c751e8b465ee728b)  -> (artifact id: '5c9f17a048ddac1ecec4019afbe85e48') in 0.009753 seconds 
========================================================================
Received Import Request.
  Time since last request: 3.972731 seconds.
  path: Assets/ExternalAssets/Ultimate SFX Bundle/Monsters Sounds Pro/Huge monster attack/Huge monster attack 1.wav
  artifactKey: Guid(4052c8e649c5c554d91292609f542517) Importer(815301076,1909f56bfc062723c751e8b465ee728b)
Start importing Assets/ExternalAssets/Ultimate SFX Bundle/Monsters Sounds Pro/Huge monster attack/Huge monster attack 1.wav using Guid(4052c8e649c5c554d91292609f542517) Importer(815301076,1909f56bfc062723c751e8b465ee728b)  -> (artifact id: '0431d2379f7e568cc3d898d3c4c73d04') in 0.009326 seconds 
========================================================================
Received Import Request.
  Time since last request: 15.423271 seconds.
  path: Assets/Ultimate SFX Bundle/Sword Sounds Pro/Sword hit armor/Sword hit armor 1.wav
  artifactKey: Guid(2120efa310f7e784685fc780fc2cd449) Importer(815301076,1909f56bfc062723c751e8b465ee728b)
Start importing Assets/Ultimate SFX Bundle/Sword Sounds Pro/Sword hit armor/Sword hit armor 1.wav using Guid(2120efa310f7e784685fc780fc2cd449) Importer(815301076,1909f56bfc062723c751e8b465ee728b)  -> (artifact id: 'b146f4d00e5c643dda784eb21b278b08') in 0.009298 seconds 
========================================================================
Received Import Request.
  Time since last request: 3.308067 seconds.
  path: Assets/Ultimate SFX Bundle/Sword Sounds Pro/Sword hit armor/Sword hit armor 2.wav
  artifactKey: Guid(fd72812cb74e68346998245b05a73e6c) Importer(815301076,1909f56bfc062723c751e8b465ee728b)
Start importing Assets/Ultimate SFX Bundle/Sword Sounds Pro/Sword hit armor/Sword hit armor 2.wav using Guid(fd72812cb74e68346998245b05a73e6c) Importer(815301076,1909f56bfc062723c751e8b465ee728b)  -> (artifact id: '40208725459877956358a0e8c39cd388') in 0.009605 seconds 
========================================================================
Received Import Request.
  Time since last request: 1.325664 seconds.
  path: Assets/Ultimate SFX Bundle/Sword Sounds Pro/Sword hit armor/Sword hit armor 3.wav
  artifactKey: Guid(dba5a01038f272742b2a74221746fd46) Importer(815301076,1909f56bfc062723c751e8b465ee728b)
Start importing Assets/Ultimate SFX Bundle/Sword Sounds Pro/Sword hit armor/Sword hit armor 3.wav using Guid(dba5a01038f272742b2a74221746fd46) Importer(815301076,1909f56bfc062723c751e8b465ee728b)  -> (artifact id: 'adfd979ebe3776edf8f82a138f2459aa') in 0.008776 seconds 
========================================================================
Received Import Request.
  Time since last request: 2.352760 seconds.
  path: Assets/Ultimate SFX Bundle/Sword Sounds Pro/Sword hit armor/Sword hit armor 5.wav
  artifactKey: Guid(ec3cc75dc8f85ad41b4c5fa59d22ecc4) Importer(815301076,1909f56bfc062723c751e8b465ee728b)
Start importing Assets/Ultimate SFX Bundle/Sword Sounds Pro/Sword hit armor/Sword hit armor 5.wav using Guid(ec3cc75dc8f85ad41b4c5fa59d22ecc4) Importer(815301076,1909f56bfc062723c751e8b465ee728b)  -> (artifact id: '43ffbb74a4ce2470880583628917b28c') in 0.008798 seconds 
========================================================================
Received Import Request.
  Time since last request: 0.314580 seconds.
  path: Assets/Ultimate SFX Bundle/Sword Sounds Pro/Sword hit armor/Sword hit armor 4.wav
  artifactKey: Guid(fbbb12b784741d3479e8d789d1e3b037) Importer(815301076,1909f56bfc062723c751e8b465ee728b)
Start importing Assets/Ultimate SFX Bundle/Sword Sounds Pro/Sword hit armor/Sword hit armor 4.wav using Guid(fbbb12b784741d3479e8d789d1e3b037) Importer(815301076,1909f56bfc062723c751e8b465ee728b)  -> (artifact id: '115bcc80c618bd1c930e532540743ada') in 0.008843 seconds 
========================================================================
Received Import Request.
  Time since last request: 2.833221 seconds.
  path: Assets/Ultimate SFX Bundle/Sword Sounds Pro/Sword hit armor/Sword hit armor 6.wav
  artifactKey: Guid(2c9a86099fc7fcc42b09d2861454848b) Importer(815301076,1909f56bfc062723c751e8b465ee728b)
Start importing Assets/Ultimate SFX Bundle/Sword Sounds Pro/Sword hit armor/Sword hit armor 6.wav using Guid(2c9a86099fc7fcc42b09d2861454848b) Importer(815301076,1909f56bfc062723c751e8b465ee728b)  -> (artifact id: '4887e4b0fdb378095ee33b82d18e9225') in 0.009684 seconds 
========================================================================
Received Import Request.
  Time since last request: 1.780441 seconds.
  path: Assets/Ultimate SFX Bundle/Sword Sounds Pro/Sword hit armor/Sword hit armor 7.wav
  artifactKey: Guid(38613f75941d9ad4eb3d021476c5857b) Importer(815301076,1909f56bfc062723c751e8b465ee728b)
Start importing Assets/Ultimate SFX Bundle/Sword Sounds Pro/Sword hit armor/Sword hit armor 7.wav using Guid(38613f75941d9ad4eb3d021476c5857b) Importer(815301076,1909f56bfc062723c751e8b465ee728b)  -> (artifact id: '8d87ba46af22bf6ed9c0dc832b58f1f9') in 0.009548 seconds 
========================================================================
Received Import Request.
  Time since last request: 1.345570 seconds.
  path: Assets/Ultimate SFX Bundle/Sword Sounds Pro/Sword hit armor/Sword hit armor 8.wav
  artifactKey: Guid(351b7ec56e23f6b46a9865c9f427f28a) Importer(815301076,1909f56bfc062723c751e8b465ee728b)
Start importing Assets/Ultimate SFX Bundle/Sword Sounds Pro/Sword hit armor/Sword hit armor 8.wav using Guid(351b7ec56e23f6b46a9865c9f427f28a) Importer(815301076,1909f56bfc062723c751e8b465ee728b)  -> (artifact id: 'e9f5206eb37b951c9b2dad4f17195b2f') in 0.008789 seconds 
========================================================================
Received Import Request.
  Time since last request: 1.326293 seconds.
  path: Assets/Ultimate SFX Bundle/Sword Sounds Pro/Sword hit armor/Sword hit armor 9.wav
  artifactKey: Guid(d90b84553ffcb1e49aa59c9d020f8781) Importer(815301076,1909f56bfc062723c751e8b465ee728b)
Start importing Assets/Ultimate SFX Bundle/Sword Sounds Pro/Sword hit armor/Sword hit armor 9.wav using Guid(d90b84553ffcb1e49aa59c9d020f8781) Importer(815301076,1909f56bfc062723c751e8b465ee728b)  -> (artifact id: 'd37b3ae8707f3233c3c5bfcfe795adf1') in 0.009402 seconds 
========================================================================
Received Import Request.
  Time since last request: 1.405077 seconds.
  path: Assets/Ultimate SFX Bundle/Sword Sounds Pro/Sword hit armor/Sword hit armor 10.wav
  artifactKey: Guid(0bc6256efe33be64aa7766d383862c7f) Importer(815301076,1909f56bfc062723c751e8b465ee728b)
Start importing Assets/Ultimate SFX Bundle/Sword Sounds Pro/Sword hit armor/Sword hit armor 10.wav using Guid(0bc6256efe33be64aa7766d383862c7f) Importer(815301076,1909f56bfc062723c751e8b465ee728b)  -> (artifact id: '515c6c81797daef50208502631a5b84d') in 0.009952 seconds 
========================================================================
Received Import Request.
  Time since last request: 2.837025 seconds.
  path: Assets/Ultimate SFX Bundle/Sword Sounds Pro/Sword hit shield/Sword hit shield 1.wav
  artifactKey: Guid(73ebd29168e445f44a5505383ee0d1c7) Importer(815301076,1909f56bfc062723c751e8b465ee728b)
Start importing Assets/Ultimate SFX Bundle/Sword Sounds Pro/Sword hit shield/Sword hit shield 1.wav using Guid(73ebd29168e445f44a5505383ee0d1c7) Importer(815301076,1909f56bfc062723c751e8b465ee728b)  -> (artifact id: 'ebb9dc4d35a4815cbad04d298bac835b') in 0.009431 seconds 
========================================================================
Received Import Request.
  Time since last request: 1.476825 seconds.
  path: Assets/Ultimate SFX Bundle/Sword Sounds Pro/Sword hit shield/Sword hit shield 2.wav
  artifactKey: Guid(36ce8ebabc9450249b1911a177228dfe) Importer(815301076,1909f56bfc062723c751e8b465ee728b)
Start importing Assets/Ultimate SFX Bundle/Sword Sounds Pro/Sword hit shield/Sword hit shield 2.wav using Guid(36ce8ebabc9450249b1911a177228dfe) Importer(815301076,1909f56bfc062723c751e8b465ee728b)  -> (artifact id: '5cec07fa78ac252c3b4e2a96ed242caf') in 0.008556 seconds 
========================================================================
Received Import Request.
  Time since last request: 1.340246 seconds.
  path: Assets/Ultimate SFX Bundle/Sword Sounds Pro/Sword hit shield/Sword hit shield 3.wav
  artifactKey: Guid(7040df2e6c325b7408d15087c0c42cf3) Importer(815301076,1909f56bfc062723c751e8b465ee728b)
Start importing Assets/Ultimate SFX Bundle/Sword Sounds Pro/Sword hit shield/Sword hit shield 3.wav using Guid(7040df2e6c325b7408d15087c0c42cf3) Importer(815301076,1909f56bfc062723c751e8b465ee728b)  -> (artifact id: '8ce86c27833cb27ce2799c28e7d01c0d') in 0.009994 seconds 
========================================================================
Received Import Request.
  Time since last request: 1.561537 seconds.
  path: Assets/Ultimate SFX Bundle/Sword Sounds Pro/Sword hit shield/Sword hit shield 5.wav
  artifactKey: Guid(5aa6a4b4d13e64545bb0c6f652b4bebd) Importer(815301076,1909f56bfc062723c751e8b465ee728b)
Start importing Assets/Ultimate SFX Bundle/Sword Sounds Pro/Sword hit shield/Sword hit shield 5.wav using Guid(5aa6a4b4d13e64545bb0c6f652b4bebd) Importer(815301076,1909f56bfc062723c751e8b465ee728b)  -> (artifact id: '6e8628404148676d1c92312764fb8ddc') in 0.008797 seconds 
========================================================================
Received Import Request.
  Time since last request: 3.098309 seconds.
  path: Assets/Ultimate SFX Bundle/Sword Sounds Pro/Sword hit shield/Sword hit wooden shield 2.wav
  artifactKey: Guid(d65831bb906e5ce438500bc5ea8b2a72) Importer(815301076,1909f56bfc062723c751e8b465ee728b)
Start importing Assets/Ultimate SFX Bundle/Sword Sounds Pro/Sword hit shield/Sword hit wooden shield 2.wav using Guid(d65831bb906e5ce438500bc5ea8b2a72) Importer(815301076,1909f56bfc062723c751e8b465ee728b)  -> (artifact id: '4ae613c40b582ae1a75356da05422120') in 0.009604 seconds 
========================================================================
Received Import Request.
  Time since last request: 2.465805 seconds.
  path: Assets/Ultimate SFX Bundle/Sword Sounds Pro/Sword hit shield/Sword hit wooden shield 1.wav
  artifactKey: Guid(f8da26f30e9fa074fb767bd5e4332f18) Importer(815301076,1909f56bfc062723c751e8b465ee728b)
Start importing Assets/Ultimate SFX Bundle/Sword Sounds Pro/Sword hit shield/Sword hit wooden shield 1.wav using Guid(f8da26f30e9fa074fb767bd5e4332f18) Importer(815301076,1909f56bfc062723c751e8b465ee728b)  -> (artifact id: 'ef157c0b9ab4bd0bfad85826f3bfdd24') in 0.009204 seconds 
========================================================================
Received Import Request.
  Time since last request: 2.087873 seconds.
  path: Assets/Ultimate SFX Bundle/Sword Sounds Pro/Sword hit shield/Sword hit shield 10.wav
  artifactKey: Guid(0ae758454a90e6c44a1f09137f480345) Importer(815301076,1909f56bfc062723c751e8b465ee728b)
Start importing Assets/Ultimate SFX Bundle/Sword Sounds Pro/Sword hit shield/Sword hit shield 10.wav using Guid(0ae758454a90e6c44a1f09137f480345) Importer(815301076,1909f56bfc062723c751e8b465ee728b)  -> (artifact id: '27e8bb8d29ea563a6908de1588e55159') in 0.008719 seconds 
========================================================================
Received Import Request.
  Time since last request: 4.218746 seconds.
  path: Assets/Ultimate SFX Bundle/Sword Sounds Pro/Sword hit shield/Sword hit shield 6.wav
  artifactKey: Guid(08a36ed68923fe44b9daa018dd9fe498) Importer(815301076,1909f56bfc062723c751e8b465ee728b)
Start importing Assets/Ultimate SFX Bundle/Sword Sounds Pro/Sword hit shield/Sword hit shield 6.wav using Guid(08a36ed68923fe44b9daa018dd9fe498) Importer(815301076,1909f56bfc062723c751e8b465ee728b)  -> (artifact id: 'd4e6becc096943592e1f0978d00b82dc') in 0.010656 seconds 
========================================================================
Received Import Request.
  Time since last request: 7.078457 seconds.
  path: Assets/Ultimate SFX Bundle/Sword Sounds Pro/Sword hit shield/Sword hit shield 4.wav
  artifactKey: Guid(bbbb49952466c364490a0789f27d5726) Importer(815301076,1909f56bfc062723c751e8b465ee728b)
Start importing Assets/Ultimate SFX Bundle/Sword Sounds Pro/Sword hit shield/Sword hit shield 4.wav using Guid(bbbb49952466c364490a0789f27d5726) Importer(815301076,1909f56bfc062723c751e8b465ee728b)  -> (artifact id: '9408e4b2aa8d22a63f28ae55d26ec983') in 0.009453 seconds 
========================================================================
Received Import Request.
  Time since last request: 11.803513 seconds.
  path: Assets/Prefabs/Goblin.prefab
  artifactKey: Guid(10dcf9bae1e36994e81ec6444757d7a6) Importer(815301076,1909f56bfc062723c751e8b465ee728b)
Start importing Assets/Prefabs/Goblin.prefab using Guid(10dcf9bae1e36994e81ec6444757d7a6) Importer(815301076,1909f56bfc062723c751e8b465ee728b)  -> (artifact id: 'e762e4e3a2afd616f6e3620bdbb1a308') in 0.100911 seconds 
========================================================================
Received Prepare
Registering precompiled user dll's ...
Registered in 0.010754 seconds.
Begin MonoManager ReloadAssembly
Symbol file LoadedFromMemory doesn't match image C:\CS3540\skeletons_sorcery\Library\PackageCache\com.unity.visualscripting@1.8.0\Editor\VisualScripting.Core\Dependencies\DotNetZip\Unity.VisualScripting.IonicZip.dll
Symbol file LoadedFromMemory is not a mono symbol file
Symbol file LoadedFromMemory doesn't match image C:\CS3540\skeletons_sorcery\Library\PackageCache\com.unity.visualscripting@1.8.0\Editor\VisualScripting.Core\Dependencies\YamlDotNet\Unity.VisualScripting.YamlDotNet.dll
Native extension for WindowsStandalone target not found
Native extension for WebGL target not found
Refreshing native plugins compatible for Editor in 1.95 ms, found 3 plugins.
Preloading 0 native plugins for Editor in 0.00 ms.
Mono: successfully reloaded assembly
- Completed reload, in  1.390 seconds
Domain Reload Profiling:
	ReloadAssembly (1391ms)
		BeginReloadAssembly (167ms)
			ExecutionOrderSort (0ms)
			DisableScriptedObjects (5ms)
			BackupInstance (0ms)
			ReleaseScriptingObjects (0ms)
			CreateAndSetChildDomain (51ms)
		EndReloadAssembly (1123ms)
			LoadAssemblies (121ms)
			RebuildTransferFunctionScriptingTraits (0ms)
			SetupTypeCache (322ms)
			ReleaseScriptCaches (2ms)
			RebuildScriptCaches (58ms)
			SetupLoadedEditorAssemblies (584ms)
				LogAssemblyErrors (0ms)
				InitializePlatformSupportModulesInManaged (8ms)
				SetLoadedEditorAssemblies (1ms)
				RefreshPlugins (2ms)
				BeforeProcessingInitializeOnLoad (110ms)
				ProcessInitializeOnLoadAttributes (294ms)
				ProcessInitializeOnLoadMethodAttributes (161ms)
				AfterProcessingInitializeOnLoad (8ms)
				EditorAssembliesLoaded (0ms)
			ExecutionOrderSort2 (0ms)
			AwakeInstancesAfterBackupRestoration (7ms)
Platform modules already initialized, skipping
Refreshing native plugins compatible for Editor in 5.76 ms, found 3 plugins.
Preloading 0 native plugins for Editor in 0.00 ms.
Unloading 6618 Unused Serialized files (Serialized files now loaded: 0)
Unloading 71 unused Assets / (0.6 MB). Loaded Objects now: 7227.
Memory consumption went from 354.8 MB to 354.2 MB.
Total: 6.436000 ms (FindLiveObjects: 0.493900 ms CreateObjectMapping: 0.168500 ms MarkObjects: 5.394500 ms  DeleteObjects: 0.377900 ms)

AssetImportParameters requested are different than current active one (requested -> active):
  custom:video-decoder-ogg-theora: a1e56fd34408186e4bbccfd4996cb3dc -> 
  custom:container-muxer-webm: aa71ff27fc2769a1b78a27578f13a17b -> 
  custom:container-demuxer-webm: 4f35f7cbe854078d1ac9338744f61a02 -> 
  custom:video-encoder-webm-vp8: eb34c28f22e8b96e1ab97ce403110664 -> 
  custom:audio-encoder-webm-vorbis: bf7c407c2cedff20999df2af8eb42d56 -> 
  custom:framework-win-MediaFoundation: 216162199b28c13a410421893ffa2e32 -> 
  custom:container-demuxer-ogg: 62fdf1f143b41e24485cea50d1cbac27 -> 
  custom:video-decoder-webm-vp8: 9c59270c3fd7afecdb556c50c9e8de78 -> 
  custom:audio-decoder-ogg-vorbis: bf7c407c2cedff20999df2af8eb42d56 -> 
========================================================================
Received Import Request.
  Time since last request: 51.646720 seconds.
  path: Assets/Prefabs/Goblin.prefab
  artifactKey: Guid(10dcf9bae1e36994e81ec6444757d7a6) Importer(815301076,1909f56bfc062723c751e8b465ee728b)
Start importing Assets/Prefabs/Goblin.prefab using Guid(10dcf9bae1e36994e81ec6444757d7a6) Importer(815301076,1909f56bfc062723c751e8b465ee728b)  -> (artifact id: 'ad92f576bd4962216cf8e2cbb371f332') in 0.126725 seconds 
========================================================================
Received Prepare
Registering precompiled user dll's ...
Registered in 0.010912 seconds.
Begin MonoManager ReloadAssembly
Symbol file LoadedFromMemory doesn't match image C:\CS3540\skeletons_sorcery\Library\PackageCache\com.unity.visualscripting@1.8.0\Editor\VisualScripting.Core\Dependencies\DotNetZip\Unity.VisualScripting.IonicZip.dll
Symbol file LoadedFromMemory is not a mono symbol file
Symbol file LoadedFromMemory doesn't match image C:\CS3540\skeletons_sorcery\Library\PackageCache\com.unity.visualscripting@1.8.0\Editor\VisualScripting.Core\Dependencies\YamlDotNet\Unity.VisualScripting.YamlDotNet.dll
Native extension for WindowsStandalone target not found
Native extension for WebGL target not found
Refreshing native plugins compatible for Editor in 1.66 ms, found 3 plugins.
Preloading 0 native plugins for Editor in 0.00 ms.
Mono: successfully reloaded assembly
- Completed reload, in  1.540 seconds
Domain Reload Profiling:
	ReloadAssembly (1541ms)
		BeginReloadAssembly (179ms)
			ExecutionOrderSort (0ms)
			DisableScriptedObjects (6ms)
			BackupInstance (0ms)
			ReleaseScriptingObjects (0ms)
			CreateAndSetChildDomain (59ms)
		EndReloadAssembly (1250ms)
			LoadAssemblies (133ms)
			RebuildTransferFunctionScriptingTraits (0ms)
			SetupTypeCache (354ms)
			ReleaseScriptCaches (3ms)
			RebuildScriptCaches (66ms)
			SetupLoadedEditorAssemblies (652ms)
				LogAssemblyErrors (0ms)
				InitializePlatformSupportModulesInManaged (8ms)
				SetLoadedEditorAssemblies (1ms)
				RefreshPlugins (2ms)
				BeforeProcessingInitializeOnLoad (120ms)
				ProcessInitializeOnLoadAttributes (331ms)
				ProcessInitializeOnLoadMethodAttributes (180ms)
				AfterProcessingInitializeOnLoad (10ms)
				EditorAssembliesLoaded (0ms)
			ExecutionOrderSort2 (0ms)
			AwakeInstancesAfterBackupRestoration (8ms)
Platform modules already initialized, skipping
Refreshing native plugins compatible for Editor in 6.61 ms, found 3 plugins.
Preloading 0 native plugins for Editor in 0.00 ms.
Unloading 6618 Unused Serialized files (Serialized files now loaded: 0)
Unloading 71 unused Assets / (0.6 MB). Loaded Objects now: 7242.
Memory consumption went from 354.9 MB to 354.2 MB.
Total: 6.958900 ms (FindLiveObjects: 0.494700 ms CreateObjectMapping: 0.160500 ms MarkObjects: 5.886000 ms  DeleteObjects: 0.416800 ms)

AssetImportParameters requested are different than current active one (requested -> active):
  custom:video-decoder-ogg-theora: a1e56fd34408186e4bbccfd4996cb3dc -> 
  custom:container-muxer-webm: aa71ff27fc2769a1b78a27578f13a17b -> 
  custom:container-demuxer-webm: 4f35f7cbe854078d1ac9338744f61a02 -> 
  custom:video-encoder-webm-vp8: eb34c28f22e8b96e1ab97ce403110664 -> 
  custom:audio-encoder-webm-vorbis: bf7c407c2cedff20999df2af8eb42d56 -> 
  custom:framework-win-MediaFoundation: 216162199b28c13a410421893ffa2e32 -> 
  custom:container-demuxer-ogg: 62fdf1f143b41e24485cea50d1cbac27 -> 
  custom:video-decoder-webm-vp8: 9c59270c3fd7afecdb556c50c9e8de78 -> 
  custom:audio-decoder-ogg-vorbis: bf7c407c2cedff20999df2af8eb42d56 -> 
========================================================================
Received Import Request.
  Time since last request: 104.434848 seconds.
  path: Assets/Prefabs
  artifactKey: Guid(f4d8b603383a79e49854a5e175246089) Importer(815301076,1909f56bfc062723c751e8b465ee728b)
Start importing Assets/Prefabs using Guid(f4d8b603383a79e49854a5e175246089) Importer(815301076,1909f56bfc062723c751e8b465ee728b)  -> (artifact id: '5b8e0cc3a62c091c4663cd1232c7aa20') in 0.014798 seconds 
========================================================================
Received Import Request.
  Time since last request: 5.321375 seconds.
  path: Assets/Scenes
  artifactKey: Guid(6ea315d0fd7389c41b19996891e99ae3) Importer(815301076,1909f56bfc062723c751e8b465ee728b)
Start importing Assets/Scenes using Guid(6ea315d0fd7389c41b19996891e99ae3) Importer(815301076,1909f56bfc062723c751e8b465ee728b)  -> (artifact id: 'b8193726cff86800c54781cdc6d54904') in 0.004890 seconds 
========================================================================
Received Import Request.
  Time since last request: 4.141122 seconds.
  path: Assets/UnityTechnologies/ParticlePack/EffectExamples
  artifactKey: Guid(6c0b056137d972f46a0312ba21b6263f) Importer(815301076,1909f56bfc062723c751e8b465ee728b)
Start importing Assets/UnityTechnologies/ParticlePack/EffectExamples using Guid(6c0b056137d972f46a0312ba21b6263f) Importer(815301076,1909f56bfc062723c751e8b465ee728b)  -> (artifact id: 'fc8be781c4c0b1df3797050b3ad0d68e') in 0.005872 seconds 
========================================================================
Received Prepare
Registering precompiled user dll's ...
Registered in 0.009340 seconds.
Begin MonoManager ReloadAssembly
Symbol file LoadedFromMemory doesn't match image C:\CS3540\skeletons_sorcery\Library\PackageCache\com.unity.visualscripting@1.8.0\Editor\VisualScripting.Core\Dependencies\DotNetZip\Unity.VisualScripting.IonicZip.dll
Symbol file LoadedFromMemory is not a mono symbol file
Symbol file LoadedFromMemory doesn't match image C:\CS3540\skeletons_sorcery\Library\PackageCache\com.unity.visualscripting@1.8.0\Editor\VisualScripting.Core\Dependencies\YamlDotNet\Unity.VisualScripting.YamlDotNet.dll
Native extension for WindowsStandalone target not found
Native extension for WebGL target not found
Refreshing native plugins compatible for Editor in 1.98 ms, found 3 plugins.
Preloading 0 native plugins for Editor in 0.00 ms.
Mono: successfully reloaded assembly
- Completed reload, in  1.409 seconds
Domain Reload Profiling:
	ReloadAssembly (1410ms)
		BeginReloadAssembly (163ms)
			ExecutionOrderSort (0ms)
			DisableScriptedObjects (6ms)
			BackupInstance (0ms)
			ReleaseScriptingObjects (0ms)
			CreateAndSetChildDomain (50ms)
		EndReloadAssembly (1146ms)
			LoadAssemblies (121ms)
			RebuildTransferFunctionScriptingTraits (0ms)
			SetupTypeCache (322ms)
			ReleaseScriptCaches (2ms)
			RebuildScriptCaches (66ms)
			SetupLoadedEditorAssemblies (586ms)
				LogAssemblyErrors (0ms)
				InitializePlatformSupportModulesInManaged (7ms)
				SetLoadedEditorAssemblies (1ms)
				RefreshPlugins (2ms)
				BeforeProcessingInitializeOnLoad (107ms)
				ProcessInitializeOnLoadAttributes (297ms)
				ProcessInitializeOnLoadMethodAttributes (162ms)
				AfterProcessingInitializeOnLoad (9ms)
				EditorAssembliesLoaded (0ms)
			ExecutionOrderSort2 (0ms)
			AwakeInstancesAfterBackupRestoration (7ms)
Platform modules already initialized, skipping
Refreshing native plugins compatible for Editor in 6.72 ms, found 3 plugins.
Preloading 0 native plugins for Editor in 0.00 ms.
Unloading 6618 Unused Serialized files (Serialized files now loaded: 0)
Unloading 70 unused Assets / (0.6 MB). Loaded Objects now: 7257.
Memory consumption went from 354.9 MB to 354.3 MB.
Total: 6.463800 ms (FindLiveObjects: 0.494300 ms CreateObjectMapping: 0.168800 ms MarkObjects: 5.407300 ms  DeleteObjects: 0.392500 ms)

AssetImportParameters requested are different than current active one (requested -> active):
  custom:video-decoder-ogg-theora: a1e56fd34408186e4bbccfd4996cb3dc -> 
  custom:container-muxer-webm: aa71ff27fc2769a1b78a27578f13a17b -> 
  custom:container-demuxer-webm: 4f35f7cbe854078d1ac9338744f61a02 -> 
  custom:video-encoder-webm-vp8: eb34c28f22e8b96e1ab97ce403110664 -> 
  custom:audio-encoder-webm-vorbis: bf7c407c2cedff20999df2af8eb42d56 -> 
  custom:framework-win-MediaFoundation: 216162199b28c13a410421893ffa2e32 -> 
  custom:container-demuxer-ogg: 62fdf1f143b41e24485cea50d1cbac27 -> 
  custom:video-decoder-webm-vp8: 9c59270c3fd7afecdb556c50c9e8de78 -> 
  custom:audio-decoder-ogg-vorbis: bf7c407c2cedff20999df2af8eb42d56 -> 
========================================================================
Received Import Request.
  Time since last request: 13.602765 seconds.
  path: Assets/Scenes/Stage1.unity
  artifactKey: Guid(9fc0d4010bbf28b4594072e72b8655ab) Importer(815301076,1909f56bfc062723c751e8b465ee728b)
Start importing Assets/Scenes/Stage1.unity using Guid(9fc0d4010bbf28b4594072e72b8655ab) Importer(815301076,1909f56bfc062723c751e8b465ee728b)  -> (artifact id: 'c5914e248d64fd6dfcede7ba7a5f89ac') in 0.014359 seconds 
========================================================================
Received Import Request.
  Time since last request: 63.805860 seconds.
  path: Assets/ExternalAssets/ParticlePack/Shared/Ramps/Runtime/RampAsset.cs
  artifactKey: Guid(366060de70f6d41d688e416621057bb3) Importer(815301076,1909f56bfc062723c751e8b465ee728b)
Start importing Assets/ExternalAssets/ParticlePack/Shared/Ramps/Runtime/RampAsset.cs using Guid(366060de70f6d41d688e416621057bb3) Importer(815301076,1909f56bfc062723c751e8b465ee728b)  -> (artifact id: '08e0164b351f4ff0aaf4cbceb1a4edc7') in 0.011291 seconds 
========================================================================
Received Import Request.
  Time since last request: 0.022762 seconds.
  path: Assets/ExternalAssets/ParticlePack/Shared/Scripts/SimpleCharacterMotor.cs
  artifactKey: Guid(b388589949f9448aca1903107a88cb42) Importer(815301076,1909f56bfc062723c751e8b465ee728b)
Start importing Assets/ExternalAssets/ParticlePack/Shared/Scripts/SimpleCharacterMotor.cs using Guid(b388589949f9448aca1903107a88cb42) Importer(815301076,1909f56bfc062723c751e8b465ee728b)  -> (artifact id: 'aca1f27a7bf06b6de712636a8a848517') in 0.004536 seconds 
========================================================================
Received Import Request.
  Time since last request: 0.004977 seconds.
  path: Assets/ExternalAssets/StarterAssets/TutorialInfo/Scripts/Readme.cs
  artifactKey: Guid(fcf7219bab7fe46a1ad266029b2fee19) Importer(815301076,1909f56bfc062723c751e8b465ee728b)
Start importing Assets/ExternalAssets/StarterAssets/TutorialInfo/Scripts/Readme.cs using Guid(fcf7219bab7fe46a1ad266029b2fee19) Importer(815301076,1909f56bfc062723c751e8b465ee728b)  -> (artifact id: 'ab5000d9a15849f737e38c02492be547') in 0.004809 seconds 
========================================================================
Received Import Request.
  Time since last request: 0.000154 seconds.
  path: Assets/Scripts/EnemyBehavior.cs
  artifactKey: Guid(4f229910518e2944fad271734dcc6f17) Importer(815301076,1909f56bfc062723c751e8b465ee728b)
Start importing Assets/Scripts/EnemyBehavior.cs using Guid(4f229910518e2944fad271734dcc6f17) Importer(815301076,1909f56bfc062723c751e8b465ee728b)  -> (artifact id: '93235a177c80521c356a743d168844bd') in 0.003952 seconds 
========================================================================
Received Import Request.
  Time since last request: 0.053932 seconds.
  path: Assets/ExternalAssets/ParticlePack/Shared/Ramps/Editor/RampAssetEditor.cs
  artifactKey: Guid(0939ef1fe67b3477e8058638b5924ab5) Importer(815301076,1909f56bfc062723c751e8b465ee728b)
Start importing Assets/ExternalAssets/ParticlePack/Shared/Ramps/Editor/RampAssetEditor.cs using Guid(0939ef1fe67b3477e8058638b5924ab5) Importer(815301076,1909f56bfc062723c751e8b465ee728b)  -> (artifact id: '33ead4223b2de74137b1e6a8916f9137') in 0.004360 seconds 
========================================================================
Received Import Request.
  Time since last request: 0.053696 seconds.
  path: Assets/ExternalAssets/ParticlePack/EffectExamples/Fire & Explosion Effects/Textures/Ramp03.png
  artifactKey: Guid(595a5c1164fec844f8e6b477620221f6) Importer(815301076,1909f56bfc062723c751e8b465ee728b)
Start importing Assets/ExternalAssets/ParticlePack/EffectExamples/Fire & Explosion Effects/Textures/Ramp03.png using Guid(595a5c1164fec844f8e6b477620221f6) Importer(815301076,1909f56bfc062723c751e8b465ee728b)  -> (artifact id: '8dbd0148b6654bd0e27d19cb59718980') in 0.049032 seconds 
========================================================================
Received Import Request.
  Time since last request: 0.022255 seconds.
  path: Assets/ExternalAssets/ParticlePack/EffectExamples/Fire & Explosion Effects/Textures/ramp01.png
  artifactKey: Guid(99e09a9bd0f10384fa2a3bcbd5c65c9d) Importer(815301076,1909f56bfc062723c751e8b465ee728b)
Start importing Assets/ExternalAssets/ParticlePack/EffectExamples/Fire & Explosion Effects/Textures/ramp01.png using Guid(99e09a9bd0f10384fa2a3bcbd5c65c9d) Importer(815301076,1909f56bfc062723c751e8b465ee728b)  -> (artifact id: '932a726c98611d5bd6a41919858312be') in 0.008061 seconds 
========================================================================
Received Import Request.
  Time since last request: 0.000021 seconds.
  path: Assets/ExternalAssets/ParticlePack/Shared/Scripts/ProximityActivate.cs
  artifactKey: Guid(9dda47b72d39443fcbaff0fcbb5f1bd4) Importer(815301076,1909f56bfc062723c751e8b465ee728b)
Start importing Assets/ExternalAssets/ParticlePack/Shared/Scripts/ProximityActivate.cs using Guid(9dda47b72d39443fcbaff0fcbb5f1bd4) Importer(815301076,1909f56bfc062723c751e8b465ee728b)  -> (artifact id: '49d098eb499fd81b343952c9b724af98') in 0.004113 seconds 
========================================================================
Received Import Request.
  Time since last request: 0.008545 seconds.
  path: Assets/ExternalAssets/ParticlePack/EffectExamples/Misc Effects/Scripts/SpawnEffect.cs
  artifactKey: Guid(585901dad4c09564db67dc1e08787f0e) Importer(815301076,1909f56bfc062723c751e8b465ee728b)
Start importing Assets/ExternalAssets/ParticlePack/EffectExamples/Misc Effects/Scripts/SpawnEffect.cs using Guid(585901dad4c09564db67dc1e08787f0e) Importer(815301076,1909f56bfc062723c751e8b465ee728b)  -> (artifact id: '458e52d5b187ec57f9eb71de2996db22') in 0.003995 seconds 
========================================================================
Received Import Request.
  Time since last request: 0.000019 seconds.
  path: Assets/ExternalAssets/ParticlePack/EffectExamples/Fire & Explosion Effects/Textures/SmokePuff01.tif
  artifactKey: Guid(26e206bd730800f4f82b828eb9f1c067) Importer(815301076,1909f56bfc062723c751e8b465ee728b)
Start importing Assets/ExternalAssets/ParticlePack/EffectExamples/Fire & Explosion Effects/Textures/SmokePuff01.tif using Guid(26e206bd730800f4f82b828eb9f1c067) Importer(815301076,1909f56bfc062723c751e8b465ee728b)  -> (artifact id: 'f21373d0ebcaad7309e0d8348afe040f') in 0.018704 seconds 
========================================================================
Received Import Request.
  Time since last request: 0.000019 seconds.
  path: Assets/ExternalAssets/SimpleFantasy/Models/Prefabbed/SF_Wep_BlackSword_01.fbx
  artifactKey: Guid(daf45c67fd6b19744a3ecfc04d14b62d) Importer(815301076,1909f56bfc062723c751e8b465ee728b)
Start importing Assets/ExternalAssets/SimpleFantasy/Models/Prefabbed/SF_Wep_BlackSword_01.fbx using Guid(daf45c67fd6b19744a3ecfc04d14b62d) Importer(815301076,1909f56bfc062723c751e8b465ee728b)  -> (artifact id: 'd4f7cdca459be6ef9495001be8d774b8') in 0.059831 seconds 
========================================================================
Received Import Request.
  Time since last request: 0.032121 seconds.
  path: Assets/Materials/InvisibleMaterial.mat
  artifactKey: Guid(82b12788ce4d2fb4eb1ceec00dc4f1ef) Importer(815301076,1909f56bfc062723c751e8b465ee728b)
Start importing Assets/Materials/InvisibleMaterial.mat using Guid(82b12788ce4d2fb4eb1ceec00dc4f1ef) Importer(815301076,1909f56bfc062723c751e8b465ee728b)  -> (artifact id: '6f6108c9bc48d96e577fbf81ec265baa') in 0.035693 seconds 
========================================================================
Received Import Request.
  Time since last request: 0.000021 seconds.
  path: Assets/ExternalAssets/ParticlePack/TutorialInfo/Icons/Help_Icon.png
  artifactKey: Guid(a186f8a87ca4f4d3aa864638ad5dfb65) Importer(815301076,1909f56bfc062723c751e8b465ee728b)
Start importing Assets/ExternalAssets/ParticlePack/TutorialInfo/Icons/Help_Icon.png using Guid(a186f8a87ca4f4d3aa864638ad5dfb65) Importer(815301076,1909f56bfc062723c751e8b465ee728b)  -> (artifact id: '034e352d2f4bf8cc91f0939acb6951d6') in 0.008622 seconds 
========================================================================
Received Import Request.
  Time since last request: 0.006988 seconds.
  path: Assets/Prefabs/LevelBlocks/BasicStageEnd.prefab
  artifactKey: Guid(5fa9f618610c7f64b89740f57351d870) Importer(815301076,1909f56bfc062723c751e8b465ee728b)
Start importing Assets/Prefabs/LevelBlocks/BasicStageEnd.prefab using Guid(5fa9f618610c7f64b89740f57351d870) Importer(815301076,1909f56bfc062723c751e8b465ee728b)  -> (artifact id: '1e412493ce6a887d47817a27279805f5') in 0.021298 seconds 
========================================================================
Received Import Request.
  Time since last request: 0.029253 seconds.
  path: Assets/ExternalAssets/ParticlePack/EffectExamples/Fire & Explosion Effects/Textures/Explosion.tif
  artifactKey: Guid(409ef26b64696f340b2f62b41d2fc11f) Importer(815301076,1909f56bfc062723c751e8b465ee728b)
Start importing Assets/ExternalAssets/ParticlePack/EffectExamples/Fire & Explosion Effects/Textures/Explosion.tif using Guid(409ef26b64696f340b2f62b41d2fc11f) Importer(815301076,1909f56bfc062723c751e8b465ee728b)  -> (artifact id: 'd1ebaf3d4aef7819577abfe7b3348b90') in 0.016651 seconds 
========================================================================
Received Import Request.
  Time since last request: 0.027856 seconds.
  path: Assets/ExternalAssets/StarterAssets/TutorialInfo/Scripts/Editor/ReadmeEditor.cs
  artifactKey: Guid(476cc7d7cd9874016adc216baab94a0a) Importer(815301076,1909f56bfc062723c751e8b465ee728b)
Start importing Assets/ExternalAssets/StarterAssets/TutorialInfo/Scripts/Editor/ReadmeEditor.cs using Guid(476cc7d7cd9874016adc216baab94a0a) Importer(815301076,1909f56bfc062723c751e8b465ee728b)  -> (artifact id: 'dc7418b3ce91d378a7d5afcfa1c93356') in 0.005011 seconds 
========================================================================
Received Import Request.
  Time since last request: 0.010911 seconds.
  path: Assets/Prefabs/LevelBlocks/BasicTurn.prefab
  artifactKey: Guid(a3f3eda10891753458196689ff55a857) Importer(815301076,1909f56bfc062723c751e8b465ee728b)
Start importing Assets/Prefabs/LevelBlocks/BasicTurn.prefab using Guid(a3f3eda10891753458196689ff55a857) Importer(815301076,1909f56bfc062723c751e8b465ee728b)  -> (artifact id: '28456afd2e1a78aa2c492fbd873b503c') in 0.011953 seconds 
========================================================================
Received Import Request.
  Time since last request: 0.017314 seconds.
  path: Assets/Materials/FireballMaterial.mat
  artifactKey: Guid(ea423d369396b724288bd6df5b05fa3f) Importer(815301076,1909f56bfc062723c751e8b465ee728b)
Start importing Assets/Materials/FireballMaterial.mat using Guid(ea423d369396b724288bd6df5b05fa3f) Importer(815301076,1909f56bfc062723c751e8b465ee728b)  -> (artifact id: '7d0b301678ed35759cc20495e61ace4e') in 0.009538 seconds 
========================================================================
Received Import Request.
  Time since last request: 0.000019 seconds.
  path: Assets/Scripts/DestroyMagic.cs
  artifactKey: Guid(22c08ff3c4bb82d49befde954a44755c) Importer(815301076,1909f56bfc062723c751e8b465ee728b)
Start importing Assets/Scripts/DestroyMagic.cs using Guid(22c08ff3c4bb82d49befde954a44755c) Importer(815301076,1909f56bfc062723c751e8b465ee728b)  -> (artifact id: 'b5af9e66f094b9fd2d74d6c312866e87') in 0.004341 seconds 
========================================================================
Received Import Request.
  Time since last request: 0.000025 seconds.
  path: Assets/ExternalAssets/ParticlePack/Shared/Scripts/SimpleCameraController.cs
  artifactKey: Guid(390f972b3a1e62341ad150cbe29782f3) Importer(815301076,1909f56bfc062723c751e8b465ee728b)
Start importing Assets/ExternalAssets/ParticlePack/Shared/Scripts/SimpleCameraController.cs using Guid(390f972b3a1e62341ad150cbe29782f3) Importer(815301076,1909f56bfc062723c751e8b465ee728b)  -> (artifact id: 'e22577b8d82b2aaac3ee334a70c58e10') in 0.004479 seconds 
========================================================================
Received Import Request.
  Time since last request: 0.051281 seconds.
  path: Assets/Prefabs/LevelBlocks/BasicDeadEnd.prefab
  artifactKey: Guid(9812c7c059712424eb66b6cd829ff7e8) Importer(815301076,1909f56bfc062723c751e8b465ee728b)
Start importing Assets/Prefabs/LevelBlocks/BasicDeadEnd.prefab using Guid(9812c7c059712424eb66b6cd829ff7e8) Importer(815301076,1909f56bfc062723c751e8b465ee728b)  -> (artifact id: '2352673e77f7e55b4be416c75ffd6190') in 0.016669 seconds 
========================================================================
Received Import Request.
  Time since last request: 0.011378 seconds.
  path: Assets/ExternalAssets/ParticlePack/EffectExamples/Fire & Explosion Effects/Textures/SphereNormal.tif
  artifactKey: Guid(b7de68a779f91264e8da00162a6b7168) Importer(815301076,1909f56bfc062723c751e8b465ee728b)
Start importing Assets/ExternalAssets/ParticlePack/EffectExamples/Fire & Explosion Effects/Textures/SphereNormal.tif using Guid(b7de68a779f91264e8da00162a6b7168) Importer(815301076,1909f56bfc062723c751e8b465ee728b)  -> (artifact id: '9b840b9a02423d9c25d375578829a3bb') in 0.010556 seconds 
========================================================================
Received Import Request.
  Time since last request: 0.006542 seconds.
  path: Assets/Prefabs/Goblin.prefab
  artifactKey: Guid(10dcf9bae1e36994e81ec6444757d7a6) Importer(815301076,1909f56bfc062723c751e8b465ee728b)
Start importing Assets/Prefabs/Goblin.prefab using Guid(10dcf9bae1e36994e81ec6444757d7a6) Importer(815301076,1909f56bfc062723c751e8b465ee728b)  -> (artifact id: '56847897d7b6a36d8e072a5e9cfbc8d7') in 0.054134 seconds 
========================================================================
Received Import Request.
  Time since last request: 0.000022 seconds.
  path: Assets/ExternalAssets/ParticlePack/EffectExamples/Fire & Explosion Effects/Textures/shockwave.tif
  artifactKey: Guid(492f3349f92767645a752364a5d18422) Importer(815301076,1909f56bfc062723c751e8b465ee728b)
Start importing Assets/ExternalAssets/ParticlePack/EffectExamples/Fire & Explosion Effects/Textures/shockwave.tif using Guid(492f3349f92767645a752364a5d18422) Importer(815301076,1909f56bfc062723c751e8b465ee728b)  -> (artifact id: 'fe2d6ea3ad9cca069c61fd1b01716b7e') in 0.010149 seconds 
========================================================================
Received Import Request.
  Time since last request: 0.013565 seconds.
  path: Assets/Scripts/PlayerController.cs
  artifactKey: Guid(2b1398c4c5ebe924483dd744af9a3085) Importer(815301076,1909f56bfc062723c751e8b465ee728b)
Start importing Assets/Scripts/PlayerController.cs using Guid(2b1398c4c5ebe924483dd744af9a3085) Importer(815301076,1909f56bfc062723c751e8b465ee728b)  -> (artifact id: 'fd2d957043a1ea283cde39e25d20dcd5') in 0.004076 seconds 
========================================================================
Received Import Request.
  Time since last request: 0.015593 seconds.
  path: Assets/ExternalAssets/ParticlePack/Shared/Scripts/AdjustTimeScale.cs
  artifactKey: Guid(57a9bba4c7c6adc40805917ce487896a) Importer(815301076,1909f56bfc062723c751e8b465ee728b)
Start importing Assets/ExternalAssets/ParticlePack/Shared/Scripts/AdjustTimeScale.cs using Guid(57a9bba4c7c6adc40805917ce487896a) Importer(815301076,1909f56bfc062723c751e8b465ee728b)  -> (artifact id: '172a5bf24e39227aafa9de2628bd009d') in 0.004293 seconds 
========================================================================
Received Import Request.
  Time since last request: 273.240616 seconds.
  path: Assets/ExternalAssets/SimpleFantasy/Prefabs/Weapons/SF_Wep_Human_Spear_01.prefab
  artifactKey: Guid(b87f007edeaa53b4fad56efbd143489d) Importer(815301076,1909f56bfc062723c751e8b465ee728b)
Start importing Assets/ExternalAssets/SimpleFantasy/Prefabs/Weapons/SF_Wep_Human_Spear_01.prefab using Guid(b87f007edeaa53b4fad56efbd143489d) Importer(815301076,1909f56bfc062723c751e8b465ee728b)  -> (artifact id: '3cbe482343aa0f311b95f84d7c0c1b0e') in 0.011815 seconds 
========================================================================
Received Import Request.
  Time since last request: 5.672376 seconds.
  path: Assets/ExternalAssets/SimpleFantasy/Prefabs/Weapons/SF_Wep_Human_Staff_01.prefab
  artifactKey: Guid(f1f2570eaa3eaa642b3cb180bdce37e7) Importer(815301076,1909f56bfc062723c751e8b465ee728b)
Start importing Assets/ExternalAssets/SimpleFantasy/Prefabs/Weapons/SF_Wep_Human_Staff_01.prefab using Guid(f1f2570eaa3eaa642b3cb180bdce37e7) Importer(815301076,1909f56bfc062723c751e8b465ee728b)  -> (artifact id: '3b285b4e38ce8663b6687de787bdb7bc') in 0.012172 seconds 
========================================================================
Received Prepare
Registering precompiled user dll's ...
Registered in 0.009456 seconds.
Begin MonoManager ReloadAssembly
Symbol file LoadedFromMemory doesn't match image C:\CS3540\skeletons_sorcery\Library\PackageCache\com.unity.visualscripting@1.8.0\Editor\VisualScripting.Core\Dependencies\DotNetZip\Unity.VisualScripting.IonicZip.dll
Symbol file LoadedFromMemory is not a mono symbol file
Symbol file LoadedFromMemory doesn't match image C:\CS3540\skeletons_sorcery\Library\PackageCache\com.unity.visualscripting@1.8.0\Editor\VisualScripting.Core\Dependencies\YamlDotNet\Unity.VisualScripting.YamlDotNet.dll
Native extension for WindowsStandalone target not found
Native extension for WebGL target not found
Refreshing native plugins compatible for Editor in 1.34 ms, found 3 plugins.
Preloading 0 native plugins for Editor in 0.00 ms.
Mono: successfully reloaded assembly
- Completed reload, in  1.334 seconds
Domain Reload Profiling:
	ReloadAssembly (1334ms)
		BeginReloadAssembly (155ms)
			ExecutionOrderSort (0ms)
			DisableScriptedObjects (5ms)
			BackupInstance (0ms)
			ReleaseScriptingObjects (0ms)
			CreateAndSetChildDomain (50ms)
		EndReloadAssembly (1081ms)
			LoadAssemblies (111ms)
			RebuildTransferFunctionScriptingTraits (0ms)
			SetupTypeCache (303ms)
			ReleaseScriptCaches (2ms)
			RebuildScriptCaches (56ms)
			SetupLoadedEditorAssemblies (568ms)
				LogAssemblyErrors (0ms)
				InitializePlatformSupportModulesInManaged (7ms)
				SetLoadedEditorAssemblies (1ms)
				RefreshPlugins (1ms)
				BeforeProcessingInitializeOnLoad (109ms)
				ProcessInitializeOnLoadAttributes (287ms)
				ProcessInitializeOnLoadMethodAttributes (154ms)
				AfterProcessingInitializeOnLoad (8ms)
				EditorAssembliesLoaded (0ms)
			ExecutionOrderSort2 (0ms)
			AwakeInstancesAfterBackupRestoration (6ms)
Platform modules already initialized, skipping
Refreshing native plugins compatible for Editor in 6.20 ms, found 3 plugins.
Preloading 0 native plugins for Editor in 0.00 ms.
Unloading 6588 Unused Serialized files (Serialized files now loaded: 0)
Unloading 98 unused Assets / (0.6 MB). Loaded Objects now: 7287.
Memory consumption went from 350.4 MB to 349.8 MB.
Total: 6.798800 ms (FindLiveObjects: 0.487900 ms CreateObjectMapping: 0.171200 ms MarkObjects: 5.754300 ms  DeleteObjects: 0.384500 ms)

AssetImportParameters requested are different than current active one (requested -> active):
  custom:video-decoder-ogg-theora: a1e56fd34408186e4bbccfd4996cb3dc -> 
  custom:container-muxer-webm: aa71ff27fc2769a1b78a27578f13a17b -> 
  custom:container-demuxer-webm: 4f35f7cbe854078d1ac9338744f61a02 -> 
  custom:video-encoder-webm-vp8: eb34c28f22e8b96e1ab97ce403110664 -> 
  custom:audio-encoder-webm-vorbis: bf7c407c2cedff20999df2af8eb42d56 -> 
  custom:framework-win-MediaFoundation: 216162199b28c13a410421893ffa2e32 -> 
  custom:container-demuxer-ogg: 62fdf1f143b41e24485cea50d1cbac27 -> 
  custom:video-decoder-webm-vp8: 9c59270c3fd7afecdb556c50c9e8de78 -> 
  custom:audio-decoder-ogg-vorbis: bf7c407c2cedff20999df2af8eb42d56 -> 
========================================================================
Received Prepare
Registering precompiled user dll's ...
Registered in 0.010987 seconds.
Begin MonoManager ReloadAssembly
Symbol file LoadedFromMemory doesn't match image C:\CS3540\skeletons_sorcery\Library\PackageCache\com.unity.visualscripting@1.8.0\Editor\VisualScripting.Core\Dependencies\DotNetZip\Unity.VisualScripting.IonicZip.dll
Symbol file LoadedFromMemory is not a mono symbol file
Symbol file LoadedFromMemory doesn't match image C:\CS3540\skeletons_sorcery\Library\PackageCache\com.unity.visualscripting@1.8.0\Editor\VisualScripting.Core\Dependencies\YamlDotNet\Unity.VisualScripting.YamlDotNet.dll
Native extension for WindowsStandalone target not found
Native extension for WebGL target not found
Refreshing native plugins compatible for Editor in 1.68 ms, found 3 plugins.
Preloading 0 native plugins for Editor in 0.00 ms.
Mono: successfully reloaded assembly
- Completed reload, in  1.342 seconds
Domain Reload Profiling:
	ReloadAssembly (1342ms)
		BeginReloadAssembly (155ms)
			ExecutionOrderSort (0ms)
			DisableScriptedObjects (6ms)
			BackupInstance (0ms)
			ReleaseScriptingObjects (0ms)
			CreateAndSetChildDomain (45ms)
		EndReloadAssembly (1090ms)
			LoadAssemblies (114ms)
			RebuildTransferFunctionScriptingTraits (0ms)
			SetupTypeCache (303ms)
			ReleaseScriptCaches (2ms)
			RebuildScriptCaches (55ms)
			SetupLoadedEditorAssemblies (577ms)
				LogAssemblyErrors (0ms)
				InitializePlatformSupportModulesInManaged (7ms)
				SetLoadedEditorAssemblies (1ms)
				RefreshPlugins (2ms)
				BeforeProcessingInitializeOnLoad (111ms)
				ProcessInitializeOnLoadAttributes (287ms)
				ProcessInitializeOnLoadMethodAttributes (160ms)
				AfterProcessingInitializeOnLoad (10ms)
				EditorAssembliesLoaded (0ms)
			ExecutionOrderSort2 (0ms)
			AwakeInstancesAfterBackupRestoration (7ms)
Platform modules already initialized, skipping
Refreshing native plugins compatible for Editor in 5.87 ms, found 3 plugins.
Preloading 0 native plugins for Editor in 0.00 ms.
Unloading 6618 Unused Serialized files (Serialized files now loaded: 0)
Unloading 70 unused Assets / (0.6 MB). Loaded Objects now: 7330.
Memory consumption went from 351.1 MB to 350.5 MB.
Total: 7.837200 ms (FindLiveObjects: 0.504700 ms CreateObjectMapping: 0.168300 ms MarkObjects: 6.775900 ms  DeleteObjects: 0.387100 ms)

AssetImportParameters requested are different than current active one (requested -> active):
  custom:video-decoder-ogg-theora: a1e56fd34408186e4bbccfd4996cb3dc -> 
  custom:container-muxer-webm: aa71ff27fc2769a1b78a27578f13a17b -> 
  custom:container-demuxer-webm: 4f35f7cbe854078d1ac9338744f61a02 -> 
  custom:video-encoder-webm-vp8: eb34c28f22e8b96e1ab97ce403110664 -> 
  custom:audio-encoder-webm-vorbis: bf7c407c2cedff20999df2af8eb42d56 -> 
  custom:framework-win-MediaFoundation: 216162199b28c13a410421893ffa2e32 -> 
  custom:container-demuxer-ogg: 62fdf1f143b41e24485cea50d1cbac27 -> 
  custom:video-decoder-webm-vp8: 9c59270c3fd7afecdb556c50c9e8de78 -> 
  custom:audio-decoder-ogg-vorbis: bf7c407c2cedff20999df2af8eb42d56 -> 
========================================================================
Received Prepare
Registering precompiled user dll's ...
Registered in 0.011838 seconds.
Begin MonoManager ReloadAssembly
Symbol file LoadedFromMemory doesn't match image C:\CS3540\skeletons_sorcery\Library\PackageCache\com.unity.visualscripting@1.8.0\Editor\VisualScripting.Core\Dependencies\DotNetZip\Unity.VisualScripting.IonicZip.dll
Symbol file LoadedFromMemory is not a mono symbol file
Symbol file LoadedFromMemory doesn't match image C:\CS3540\skeletons_sorcery\Library\PackageCache\com.unity.visualscripting@1.8.0\Editor\VisualScripting.Core\Dependencies\YamlDotNet\Unity.VisualScripting.YamlDotNet.dll
Native extension for WindowsStandalone target not found
Native extension for WebGL target not found
Refreshing native plugins compatible for Editor in 1.51 ms, found 3 plugins.
Preloading 0 native plugins for Editor in 0.00 ms.
Mono: successfully reloaded assembly
- Completed reload, in  1.496 seconds
Domain Reload Profiling:
	ReloadAssembly (1497ms)
		BeginReloadAssembly (176ms)
			ExecutionOrderSort (0ms)
			DisableScriptedObjects (6ms)
			BackupInstance (0ms)
			ReleaseScriptingObjects (0ms)
			CreateAndSetChildDomain (52ms)
		EndReloadAssembly (1208ms)
			LoadAssemblies (130ms)
			RebuildTransferFunctionScriptingTraits (0ms)
			SetupTypeCache (341ms)
			ReleaseScriptCaches (3ms)
			RebuildScriptCaches (64ms)
			SetupLoadedEditorAssemblies (631ms)
				LogAssemblyErrors (0ms)
				InitializePlatformSupportModulesInManaged (8ms)
				SetLoadedEditorAssemblies (1ms)
				RefreshPlugins (2ms)
				BeforeProcessingInitializeOnLoad (118ms)
				ProcessInitializeOnLoadAttributes (318ms)
				ProcessInitializeOnLoadMethodAttributes (175ms)
				AfterProcessingInitializeOnLoad (10ms)
				EditorAssembliesLoaded (0ms)
			ExecutionOrderSort2 (0ms)
			AwakeInstancesAfterBackupRestoration (7ms)
Platform modules already initialized, skipping
Refreshing native plugins compatible for Editor in 6.34 ms, found 3 plugins.
Preloading 0 native plugins for Editor in 0.00 ms.
Unloading 6618 Unused Serialized files (Serialized files now loaded: 0)
Unloading 70 unused Assets / (0.6 MB). Loaded Objects now: 7345.
Memory consumption went from 351.1 MB to 350.5 MB.
Total: 7.354300 ms (FindLiveObjects: 0.550100 ms CreateObjectMapping: 0.285200 ms MarkObjects: 6.047900 ms  DeleteObjects: 0.470300 ms)

AssetImportParameters requested are different than current active one (requested -> active):
  custom:video-decoder-ogg-theora: a1e56fd34408186e4bbccfd4996cb3dc -> 
  custom:container-muxer-webm: aa71ff27fc2769a1b78a27578f13a17b -> 
  custom:container-demuxer-webm: 4f35f7cbe854078d1ac9338744f61a02 -> 
  custom:video-encoder-webm-vp8: eb34c28f22e8b96e1ab97ce403110664 -> 
  custom:audio-encoder-webm-vorbis: bf7c407c2cedff20999df2af8eb42d56 -> 
  custom:framework-win-MediaFoundation: 216162199b28c13a410421893ffa2e32 -> 
  custom:container-demuxer-ogg: 62fdf1f143b41e24485cea50d1cbac27 -> 
  custom:video-decoder-webm-vp8: 9c59270c3fd7afecdb556c50c9e8de78 -> 
  custom:audio-decoder-ogg-vorbis: bf7c407c2cedff20999df2af8eb42d56 -> 
========================================================================
Received Prepare
Registering precompiled user dll's ...
Registered in 0.012507 seconds.
Begin MonoManager ReloadAssembly
Symbol file LoadedFromMemory doesn't match image C:\CS3540\skeletons_sorcery\Library\PackageCache\com.unity.visualscripting@1.8.0\Editor\VisualScripting.Core\Dependencies\DotNetZip\Unity.VisualScripting.IonicZip.dll
Symbol file LoadedFromMemory is not a mono symbol file
Symbol file LoadedFromMemory doesn't match image C:\CS3540\skeletons_sorcery\Library\PackageCache\com.unity.visualscripting@1.8.0\Editor\VisualScripting.Core\Dependencies\YamlDotNet\Unity.VisualScripting.YamlDotNet.dll
Native extension for WindowsStandalone target not found
Native extension for WebGL target not found
Refreshing native plugins compatible for Editor in 1.48 ms, found 3 plugins.
Preloading 0 native plugins for Editor in 0.00 ms.
Mono: successfully reloaded assembly
- Completed reload, in  1.443 seconds
Domain Reload Profiling:
	ReloadAssembly (1444ms)
		BeginReloadAssembly (172ms)
			ExecutionOrderSort (0ms)
			DisableScriptedObjects (6ms)
			BackupInstance (0ms)
			ReleaseScriptingObjects (0ms)
			CreateAndSetChildDomain (54ms)
		EndReloadAssembly (1167ms)
			LoadAssemblies (124ms)
			RebuildTransferFunctionScriptingTraits (0ms)
			SetupTypeCache (324ms)
			ReleaseScriptCaches (2ms)
			RebuildScriptCaches (60ms)
			SetupLoadedEditorAssemblies (612ms)
				LogAssemblyErrors (0ms)
				InitializePlatformSupportModulesInManaged (8ms)
				SetLoadedEditorAssemblies (1ms)
				RefreshPlugins (2ms)
				BeforeProcessingInitializeOnLoad (116ms)
				ProcessInitializeOnLoadAttributes (308ms)
				ProcessInitializeOnLoadMethodAttributes (169ms)
				AfterProcessingInitializeOnLoad (9ms)
				EditorAssembliesLoaded (0ms)
			ExecutionOrderSort2 (0ms)
			AwakeInstancesAfterBackupRestoration (7ms)
Platform modules already initialized, skipping
Refreshing native plugins compatible for Editor in 6.19 ms, found 3 plugins.
Preloading 0 native plugins for Editor in 0.00 ms.
Unloading 6618 Unused Serialized files (Serialized files now loaded: 0)
Unloading 70 unused Assets / (0.6 MB). Loaded Objects now: 7360.
Memory consumption went from 351.1 MB to 350.5 MB.
Total: 6.986300 ms (FindLiveObjects: 0.658600 ms CreateObjectMapping: 0.304900 ms MarkObjects: 5.614400 ms  DeleteObjects: 0.407600 ms)

AssetImportParameters requested are different than current active one (requested -> active):
  custom:video-decoder-ogg-theora: a1e56fd34408186e4bbccfd4996cb3dc -> 
  custom:container-muxer-webm: aa71ff27fc2769a1b78a27578f13a17b -> 
  custom:container-demuxer-webm: 4f35f7cbe854078d1ac9338744f61a02 -> 
  custom:video-encoder-webm-vp8: eb34c28f22e8b96e1ab97ce403110664 -> 
  custom:audio-encoder-webm-vorbis: bf7c407c2cedff20999df2af8eb42d56 -> 
  custom:framework-win-MediaFoundation: 216162199b28c13a410421893ffa2e32 -> 
  custom:container-demuxer-ogg: 62fdf1f143b41e24485cea50d1cbac27 -> 
  custom:video-decoder-webm-vp8: 9c59270c3fd7afecdb556c50c9e8de78 -> 
  custom:audio-decoder-ogg-vorbis: bf7c407c2cedff20999df2af8eb42d56 -> 
